/*C56*/SET SCHEMA PUBLIC
CONNECT USER SA
SET AUTOCOMMIT FALSE
drop table BOOK
create table account(\u0009 number integer,\u0009 balance integer,\u0009 credit integer,\u0009 primary key(number))
INSERT INTO ACCOUNT VALUES(4711,5000,1000)
INSERT INTO ACCOUNT VALUES(4712,3000,500)
COMMIT
/*C57*/SET SCHEMA PUBLIC
CONNECT USER SA
SET AUTOCOMMIT FALSE
DISCONNECT
/*C56*/DISCONNECT
/*C58*/SET SCHEMA PUBLIC
CONNECT USER SA
SET AUTOCOMMIT FALSE
drop table ACCOUNT
create table account(\u0009 number integer,\u0009 balance integer,\u0009 primary key(number))
INSERT INTO ACCOUNT VALUES(4711,5000)
INSERT INTO ACCOUNT VALUES(4712,3000)
COMMIT
/*C59*/SET SCHEMA PUBLIC
CONNECT USER SA
/*C60*/SET SCHEMA PUBLIC
CONNECT USER SA
/*C61*/SET SCHEMA PUBLIC
CONNECT USER SA
DELETE FROM ACCOUNT WHERE NUMBER=4711
INSERT INTO ACCOUNT VALUES(4711,3000)
/*C62*/SET SCHEMA PUBLIC
CONNECT USER SA
/*C63*/SET SCHEMA PUBLIC
CONNECT USER SA
/*C64*/SET SCHEMA PUBLIC
CONNECT USER SA
/*C65*/SET SCHEMA PUBLIC
CONNECT USER SA
SET AUTOCOMMIT FALSE
/*C59*/DISCONNECT
/*C63*/DISCONNECT
/*C61*/DISCONNECT
/*C64*/DISCONNECT
/*C60*/DISCONNECT
/*C65*/DISCONNECT
/*C58*/DISCONNECT
/*C62*/DISCONNECT
/*C66*/SET SCHEMA PUBLIC
CONNECT USER SA
SET AUTOCOMMIT FALSE
drop table ACCOUNT
create table account(\u0009 number integer,\u0009 balance integer,\u0009 primary key(number))
INSERT INTO ACCOUNT VALUES(4711,5000)
INSERT INTO ACCOUNT VALUES(4712,3000)
COMMIT
/*C67*/SET SCHEMA PUBLIC
CONNECT USER SA
/*C68*/SET SCHEMA PUBLIC
CONNECT USER SA
/*C69*/SET SCHEMA PUBLIC
CONNECT USER SA
/*C67*/DELETE FROM ACCOUNT WHERE NUMBER=4711
INSERT INTO ACCOUNT VALUES(4711,4000)
/*C70*/SET SCHEMA PUBLIC
CONNECT USER SA
/*C71*/SET SCHEMA PUBLIC
CONNECT USER SA
/*C72*/SET SCHEMA PUBLIC
CONNECT USER SA
/*C73*/SET SCHEMA PUBLIC
CONNECT USER SA
SET AUTOCOMMIT FALSE
/*C66*/DISCONNECT
/*C67*/DISCONNECT
/*C71*/DISCONNECT
/*C70*/DISCONNECT
/*C68*/DISCONNECT
/*C69*/DISCONNECT
/*C72*/DISCONNECT
/*C73*/DISCONNECT
/*C74*/SET SCHEMA PUBLIC
CONNECT USER SA
SET AUTOCOMMIT FALSE
drop table ACCOUNT
create table account(\u0009 number integer,\u0009 balance integer,\u0009 primary key(number))
INSERT INTO ACCOUNT VALUES(4711,5000)
INSERT INTO ACCOUNT VALUES(4712,3000)
COMMIT
/*C75*/SET SCHEMA PUBLIC
CONNECT USER SA
/*C76*/SET SCHEMA PUBLIC
CONNECT USER SA
/*C77*/SET SCHEMA PUBLIC
CONNECT USER SA
/*C75*/DELETE FROM ACCOUNT WHERE NUMBER=4711
INSERT INTO ACCOUNT VALUES(4711,4000)
/*C78*/SET SCHEMA PUBLIC
CONNECT USER SA
SET AUTOCOMMIT FALSE
drop table ACCOUNT
create table account(\u0009 number integer,\u0009 balance integer,\u0009 primary key(number))
INSERT INTO ACCOUNT VALUES(4711,5000)
INSERT INTO ACCOUNT VALUES(4712,3000)
COMMIT
/*C75*/DELETE FROM ACCOUNT WHERE NUMBER=4711
INSERT INTO ACCOUNT VALUES(4711,2000)
DELETE FROM ACCOUNT WHERE NUMBER=4712
INSERT INTO ACCOUNT VALUES(4712,6000)
/*C79*/SET SCHEMA PUBLIC
CONNECT USER SA
SET AUTOCOMMIT FALSE
/*C74*/DISCONNECT
/*C75*/DISCONNECT
/*C78*/DISCONNECT
/*C79*/DISCONNECT
/*C77*/DISCONNECT
/*C76*/DISCONNECT
/*C80*/SET SCHEMA PUBLIC
CONNECT USER SA
SET AUTOCOMMIT FALSE
drop table ACCOUNT
create table account(\u0009 number integer,\u0009 balance integer,\u0009 primary key(number))
INSERT INTO ACCOUNT VALUES(4711,5000)
INSERT INTO ACCOUNT VALUES(4712,3000)
COMMIT
/*C81*/SET SCHEMA PUBLIC
CONNECT USER SA
/*C82*/SET SCHEMA PUBLIC
CONNECT USER SA
/*C83*/SET SCHEMA PUBLIC
CONNECT USER SA
DELETE FROM ACCOUNT WHERE NUMBER=4711
INSERT INTO ACCOUNT VALUES(4711,2000)
DELETE FROM ACCOUNT WHERE NUMBER=4712
INSERT INTO ACCOUNT VALUES(4712,6000)
/*C84*/SET SCHEMA PUBLIC
CONNECT USER SA
SET AUTOCOMMIT FALSE
drop table ACCOUNT
create table account(\u0009 number integer,\u0009 balance integer,\u0009 primary key(number))
INSERT INTO ACCOUNT VALUES(4711,5000)
INSERT INTO ACCOUNT VALUES(4712,3000)
COMMIT
/*C81*/DELETE FROM ACCOUNT WHERE NUMBER=4711
INSERT INTO ACCOUNT VALUES(4711,4000)
/*C85*/SET SCHEMA PUBLIC
CONNECT USER SA
SET AUTOCOMMIT FALSE
drop table ACCOUNT
create table account(\u0009 number integer,\u0009 balance integer,\u0009 primary key(number))
INSERT INTO ACCOUNT VALUES(4711,5000)
INSERT INTO ACCOUNT VALUES(4712,3000)
COMMIT
/*C86*/SET SCHEMA PUBLIC
CONNECT USER SA
SET AUTOCOMMIT FALSE
/*C82*/DISCONNECT
/*C83*/DISCONNECT
/*C86*/DISCONNECT
/*C80*/DISCONNECT
/*C81*/DISCONNECT
/*C84*/DISCONNECT
/*C85*/DISCONNECT
/*C87*/SET SCHEMA PUBLIC
CONNECT USER SA
SET AUTOCOMMIT FALSE
drop table ACCOUNT
create table account(\u0009 number integer,\u0009 balance integer,\u0009 primary key(number))
INSERT INTO ACCOUNT VALUES(4711,5000)
INSERT INTO ACCOUNT VALUES(4712,3000)
COMMIT
/*C88*/SET SCHEMA PUBLIC
CONNECT USER SA
/*C89*/SET SCHEMA PUBLIC
CONNECT USER SA
/*C90*/SET SCHEMA PUBLIC
CONNECT USER SA
/*C88*/DELETE FROM ACCOUNT WHERE NUMBER=4711
INSERT INTO ACCOUNT VALUES(4711,4000)
/*C91*/SET SCHEMA PUBLIC
CONNECT USER SA
SET AUTOCOMMIT FALSE
drop table ACCOUNT
create table account(\u0009 number integer,\u0009 balance integer,\u0009 primary key(number))
INSERT INTO ACCOUNT VALUES(4711,5000)
INSERT INTO ACCOUNT VALUES(4712,3000)
COMMIT
/*C88*/DELETE FROM ACCOUNT WHERE NUMBER=4712
INSERT INTO ACCOUNT VALUES(4712,13000)
/*C92*/SET SCHEMA PUBLIC
CONNECT USER SA
SET AUTOCOMMIT FALSE
drop table ACCOUNT
create table account(\u0009 number integer,\u0009 balance integer,\u0009 primary key(number))
INSERT INTO ACCOUNT VALUES(4711,5000)
INSERT INTO ACCOUNT VALUES(4712,3000)
COMMIT
/*C88*/DELETE FROM ACCOUNT WHERE NUMBER=4712
INSERT INTO ACCOUNT VALUES(4712,6000)
DELETE FROM ACCOUNT WHERE NUMBER=4711
INSERT INTO ACCOUNT VALUES(4711,2000)
/*C93*/SET SCHEMA PUBLIC
CONNECT USER SA
SET AUTOCOMMIT FALSE
/*C88*/DISCONNECT
/*C87*/DISCONNECT
/*C91*/DISCONNECT
/*C89*/DISCONNECT
/*C92*/DISCONNECT
/*C90*/DISCONNECT
/*C93*/DISCONNECT
/*C94*/SET SCHEMA PUBLIC
CONNECT USER SA
SET AUTOCOMMIT FALSE
DISCONNECT
/*C95*/SET SCHEMA PUBLIC
CONNECT USER SA
SET AUTOCOMMIT FALSE
DISCONNECT
/*C96*/SET SCHEMA PUBLIC
CONNECT USER SA
SET AUTOCOMMIT FALSE
drop table ACCOUNT
create table account(\u0009 number integer,\u0009 balance integer,\u0009 primary key(number))
INSERT INTO ACCOUNT VALUES(4711,5000)
INSERT INTO ACCOUNT VALUES(4712,3000)
COMMIT
/*C97*/SET SCHEMA PUBLIC
CONNECT USER SA
/*C98*/SET SCHEMA PUBLIC
CONNECT USER SA
/*C99*/SET SCHEMA PUBLIC
CONNECT USER SA
DELETE FROM ACCOUNT WHERE NUMBER=4712
INSERT INTO ACCOUNT VALUES(4712,6000)
DELETE FROM ACCOUNT WHERE NUMBER=4711
INSERT INTO ACCOUNT VALUES(4711,2000)
/*C100*/SET SCHEMA PUBLIC
CONNECT USER SA
SET AUTOCOMMIT FALSE
drop table ACCOUNT
create table account(\u0009 number integer,\u0009 balance integer,\u0009 primary key(number))
INSERT INTO ACCOUNT VALUES(4711,5000)
INSERT INTO ACCOUNT VALUES(4712,3000)
COMMIT
/*C98*/DELETE FROM ACCOUNT WHERE NUMBER=4711
INSERT INTO ACCOUNT VALUES(4711,4000)
/*C101*/SET SCHEMA PUBLIC
CONNECT USER SA
SET AUTOCOMMIT FALSE
drop table ACCOUNT
create table account(\u0009 number integer,\u0009 balance integer,\u0009 primary key(number))
INSERT INTO ACCOUNT VALUES(4711,5000)
INSERT INTO ACCOUNT VALUES(4712,3000)
COMMIT
/*C98*/DELETE FROM ACCOUNT WHERE NUMBER=4712
INSERT INTO ACCOUNT VALUES(4712,13000)
/*C102*/SET SCHEMA PUBLIC
CONNECT USER SA
SET AUTOCOMMIT FALSE
/*C96*/DISCONNECT
/*C98*/DISCONNECT
/*C102*/DISCONNECT
/*C100*/DISCONNECT
/*C97*/DISCONNECT
/*C101*/DISCONNECT
/*C99*/DISCONNECT
/*C103*/SET SCHEMA PUBLIC
CONNECT USER SA
SET AUTOCOMMIT FALSE
drop table ACCOUNT
create table account(\u0009 number integer,\u0009 balance integer,\u0009 primary key(number))
INSERT INTO ACCOUNT VALUES(4711,5000)
INSERT INTO ACCOUNT VALUES(4712,3000)
COMMIT
/*C104*/SET SCHEMA PUBLIC
CONNECT USER SA
/*C105*/SET SCHEMA PUBLIC
CONNECT USER SA
/*C106*/SET SCHEMA PUBLIC
CONNECT USER SA
/*C105*/SET AUTOCOMMIT FALSE
DELETE FROM ACCOUNT WHERE NUMBER=4711
INSERT INTO ACCOUNT VALUES(4711,4000)
COMMIT
SET AUTOCOMMIT TRUE
/*C106*/SET AUTOCOMMIT FALSE
SET AUTOCOMMIT TRUE
/*C107*/SET SCHEMA PUBLIC
CONNECT USER SA
SET AUTOCOMMIT FALSE
drop table ACCOUNT
create table account(\u0009 number integer,\u0009 balance integer,\u0009 primary key(number))
INSERT INTO ACCOUNT VALUES(4711,5000)
INSERT INTO ACCOUNT VALUES(4712,3000)
COMMIT
/*C106*/SET AUTOCOMMIT FALSE
DELETE FROM ACCOUNT WHERE NUMBER=4712
INSERT INTO ACCOUNT VALUES(4712,6000)
DELETE FROM ACCOUNT WHERE NUMBER=4711
INSERT INTO ACCOUNT VALUES(4711,2000)
COMMIT
SET AUTOCOMMIT TRUE
/*C105*/SET AUTOCOMMIT FALSE
SET AUTOCOMMIT TRUE
/*C106*/SET AUTOCOMMIT FALSE
SET AUTOCOMMIT TRUE
/*C108*/SET SCHEMA PUBLIC
CONNECT USER SA
SET AUTOCOMMIT FALSE
drop table ACCOUNT
create table account(\u0009 number integer,\u0009 balance integer,\u0009 primary key(number))
INSERT INTO ACCOUNT VALUES(4711,5000)
INSERT INTO ACCOUNT VALUES(4712,3000)
COMMIT
/*C106*/SET AUTOCOMMIT FALSE
DELETE FROM ACCOUNT WHERE NUMBER=4712
INSERT INTO ACCOUNT VALUES(4712,13000)
ROLLBACK
SET AUTOCOMMIT TRUE
/*C105*/SET AUTOCOMMIT FALSE
SET AUTOCOMMIT TRUE
/*C106*/SET AUTOCOMMIT FALSE
SET AUTOCOMMIT TRUE
/*C109*/SET SCHEMA PUBLIC
CONNECT USER SA
SET AUTOCOMMIT FALSE
/*C105*/DISCONNECT
/*C103*/DISCONNECT
/*C104*/DISCONNECT
/*C109*/DISCONNECT
/*C108*/DISCONNECT
/*C107*/DISCONNECT
/*C106*/DISCONNECT
/*C110*/SET SCHEMA PUBLIC
CONNECT USER SA
SET AUTOCOMMIT FALSE
drop table ACCOUNT
create table account(\u0009 number integer,\u0009 balance integer,\u0009 primary key(number))
INSERT INTO ACCOUNT VALUES(4711,5000)
INSERT INTO ACCOUNT VALUES(4712,3000)
COMMIT
/*C111*/SET SCHEMA PUBLIC
CONNECT USER SA
/*C112*/SET SCHEMA PUBLIC
CONNECT USER SA
/*C113*/SET SCHEMA PUBLIC
CONNECT USER SA
/*C111*/SET AUTOCOMMIT FALSE
DELETE FROM ACCOUNT WHERE NUMBER=4711
INSERT INTO ACCOUNT VALUES(4711,4000)
COMMIT
SET AUTOCOMMIT TRUE
/*C112*/SET AUTOCOMMIT FALSE
SET AUTOCOMMIT TRUE
/*C114*/SET SCHEMA PUBLIC
CONNECT USER SA
SET AUTOCOMMIT FALSE
drop table ACCOUNT
create table account(\u0009 number integer,\u0009 balance integer,\u0009 primary key(number))
INSERT INTO ACCOUNT VALUES(4711,5000)
INSERT INTO ACCOUNT VALUES(4712,3000)
COMMIT
/*C112*/SET AUTOCOMMIT FALSE
DELETE FROM ACCOUNT WHERE NUMBER=4712
INSERT INTO ACCOUNT VALUES(4712,6000)
DELETE FROM ACCOUNT WHERE NUMBER=4711
INSERT INTO ACCOUNT VALUES(4711,2000)
COMMIT
SET AUTOCOMMIT TRUE
/*C111*/SET AUTOCOMMIT FALSE
SET AUTOCOMMIT TRUE
/*C112*/SET AUTOCOMMIT FALSE
SET AUTOCOMMIT TRUE
/*C115*/SET SCHEMA PUBLIC
CONNECT USER SA
SET AUTOCOMMIT FALSE
drop table ACCOUNT
create table account(\u0009 number integer,\u0009 balance integer,\u0009 primary key(number))
INSERT INTO ACCOUNT VALUES(4711,5000)
INSERT INTO ACCOUNT VALUES(4712,3000)
COMMIT
/*C112*/SET AUTOCOMMIT FALSE
DELETE FROM ACCOUNT WHERE NUMBER=4712
INSERT INTO ACCOUNT VALUES(4712,6000)
DELETE FROM ACCOUNT WHERE NUMBER=4711
INSERT INTO ACCOUNT VALUES(4711,1000)
COMMIT
SET AUTOCOMMIT TRUE
/*C116*/SET SCHEMA PUBLIC
CONNECT USER SA
SET AUTOCOMMIT FALSE
drop table ACCOUNT
create table account(\u0009 number integer,\u0009 balance integer,\u0009 primary key(number))
INSERT INTO ACCOUNT VALUES(4711,5000)
INSERT INTO ACCOUNT VALUES(4712,3000)
COMMIT
/*C112*/SET AUTOCOMMIT FALSE
DELETE FROM ACCOUNT WHERE NUMBER=4712
INSERT INTO ACCOUNT VALUES(4712,13000)
ROLLBACK
SET AUTOCOMMIT TRUE
/*C111*/SET AUTOCOMMIT FALSE
SET AUTOCOMMIT TRUE
/*C112*/SET AUTOCOMMIT FALSE
SET AUTOCOMMIT TRUE
/*C117*/SET SCHEMA PUBLIC
CONNECT USER SA
SET AUTOCOMMIT FALSE
/*C110*/DISCONNECT
/*C112*/DISCONNECT
/*C114*/DISCONNECT
/*C115*/DISCONNECT
/*C111*/DISCONNECT
/*C113*/DISCONNECT
/*C116*/DISCONNECT
/*C117*/DISCONNECT
/*C118*/SET SCHEMA PUBLIC
CONNECT USER SA
SET AUTOCOMMIT FALSE
drop table ACCOUNT
create table account(\u0009 number integer,\u0009 balance integer,\u0009 primary key(number))
INSERT INTO ACCOUNT VALUES(4711,5000)
INSERT INTO ACCOUNT VALUES(4712,3000)
COMMIT
/*C119*/SET SCHEMA PUBLIC
CONNECT USER SA
/*C120*/SET SCHEMA PUBLIC
CONNECT USER SA
/*C121*/SET SCHEMA PUBLIC
CONNECT USER SA
/*C120*/SET AUTOCOMMIT FALSE
DELETE FROM ACCOUNT WHERE NUMBER=4712
INSERT INTO ACCOUNT VALUES(4712,6000)
DELETE FROM ACCOUNT WHERE NUMBER=4711
INSERT INTO ACCOUNT VALUES(4711,1000)
COMMIT
SET AUTOCOMMIT TRUE
/*C121*/SET AUTOCOMMIT FALSE
SET AUTOCOMMIT TRUE
/*C122*/SET SCHEMA PUBLIC
CONNECT USER SA
SET AUTOCOMMIT FALSE
drop table ACCOUNT
create table account(\u0009 number integer,\u0009 balance integer,\u0009 primary key(number))
INSERT INTO ACCOUNT VALUES(4711,5000)
INSERT INTO ACCOUNT VALUES(4712,3000)
COMMIT
/*C121*/SET AUTOCOMMIT FALSE
DELETE FROM ACCOUNT WHERE NUMBER=4712
INSERT INTO ACCOUNT VALUES(4712,13000)
ROLLBACK
SET AUTOCOMMIT TRUE
/*C120*/SET AUTOCOMMIT FALSE
SET AUTOCOMMIT TRUE
/*C121*/SET AUTOCOMMIT FALSE
SET AUTOCOMMIT TRUE
/*C123*/SET SCHEMA PUBLIC
CONNECT USER SA
SET AUTOCOMMIT FALSE
drop table ACCOUNT
create table account(\u0009 number integer,\u0009 balance integer,\u0009 primary key(number))
INSERT INTO ACCOUNT VALUES(4711,5000)
INSERT INTO ACCOUNT VALUES(4712,3000)
COMMIT
/*C121*/SET AUTOCOMMIT FALSE
DELETE FROM ACCOUNT WHERE NUMBER=4711
INSERT INTO ACCOUNT VALUES(4711,4000)
COMMIT
SET AUTOCOMMIT TRUE
/*C120*/SET AUTOCOMMIT FALSE
SET AUTOCOMMIT TRUE
/*C124*/SET SCHEMA PUBLIC
CONNECT USER SA
SET AUTOCOMMIT FALSE
drop table ACCOUNT
create table account(\u0009 number integer,\u0009 balance integer,\u0009 primary key(number))
INSERT INTO ACCOUNT VALUES(4711,5000)
INSERT INTO ACCOUNT VALUES(4712,3000)
COMMIT
/*C120*/SET AUTOCOMMIT FALSE
DELETE FROM ACCOUNT WHERE NUMBER=4712
INSERT INTO ACCOUNT VALUES(4712,6000)
DELETE FROM ACCOUNT WHERE NUMBER=4711
INSERT INTO ACCOUNT VALUES(4711,2000)
COMMIT
SET AUTOCOMMIT TRUE
/*C121*/SET AUTOCOMMIT FALSE
SET AUTOCOMMIT TRUE
/*C120*/SET AUTOCOMMIT FALSE
SET AUTOCOMMIT TRUE
/*C125*/SET SCHEMA PUBLIC
CONNECT USER SA
SET AUTOCOMMIT FALSE
/*C118*/DISCONNECT
/*C119*/DISCONNECT
/*C123*/DISCONNECT
/*C120*/DISCONNECT
/*C122*/DISCONNECT
/*C124*/DISCONNECT
/*C121*/DISCONNECT
/*C125*/DISCONNECT
/*C126*/SET SCHEMA PUBLIC
CONNECT USER SA
SET AUTOCOMMIT FALSE
drop table ACCOUNT
create table account(\u0009 number integer,\u0009 balance integer,\u0009 primary key(number))
INSERT INTO ACCOUNT VALUES(4711,5000)
INSERT INTO ACCOUNT VALUES(4712,3000)
COMMIT
/*C127*/SET SCHEMA PUBLIC
CONNECT USER SA
/*C128*/SET SCHEMA PUBLIC
CONNECT USER SA
/*C129*/SET SCHEMA PUBLIC
CONNECT USER SA
SET AUTOCOMMIT FALSE
DELETE FROM ACCOUNT WHERE NUMBER=4711
INSERT INTO ACCOUNT VALUES(4711,4000)
COMMIT
SET AUTOCOMMIT TRUE
/*C128*/SET AUTOCOMMIT FALSE
SET AUTOCOMMIT TRUE
/*C130*/SET SCHEMA PUBLIC
CONNECT USER SA
SET AUTOCOMMIT FALSE
drop table ACCOUNT
create table account(\u0009 number integer,\u0009 balance integer,\u0009 primary key(number))
INSERT INTO ACCOUNT VALUES(4711,5000)
INSERT INTO ACCOUNT VALUES(4712,3000)
COMMIT
/*C128*/SET AUTOCOMMIT FALSE
DELETE FROM ACCOUNT WHERE NUMBER=4712
INSERT INTO ACCOUNT VALUES(4712,6000)
DELETE FROM ACCOUNT WHERE NUMBER=4711
INSERT INTO ACCOUNT VALUES(4711,2000)
COMMIT
SET AUTOCOMMIT TRUE
/*C129*/SET AUTOCOMMIT FALSE
SET AUTOCOMMIT TRUE
/*C128*/SET AUTOCOMMIT FALSE
SET AUTOCOMMIT TRUE
/*C131*/SET SCHEMA PUBLIC
CONNECT USER SA
SET AUTOCOMMIT FALSE
drop table ACCOUNT
create table account(\u0009 number integer,\u0009 balance integer,\u0009 primary key(number))
INSERT INTO ACCOUNT VALUES(4711,5000)
INSERT INTO ACCOUNT VALUES(4712,3000)
COMMIT
/*C128*/SET AUTOCOMMIT FALSE
DELETE FROM ACCOUNT WHERE NUMBER=4712
INSERT INTO ACCOUNT VALUES(4712,6000)
DELETE FROM ACCOUNT WHERE NUMBER=4711
INSERT INTO ACCOUNT VALUES(4711,2000)
COMMIT
SET AUTOCOMMIT TRUE
/*C129*/SET AUTOCOMMIT FALSE
SET AUTOCOMMIT TRUE
/*C128*/SET AUTOCOMMIT FALSE
SET AUTOCOMMIT TRUE
/*C132*/SET SCHEMA PUBLIC
CONNECT USER SA
SET AUTOCOMMIT FALSE
drop table ACCOUNT
create table account(\u0009 number integer,\u0009 balance integer,\u0009 primary key(number))
INSERT INTO ACCOUNT VALUES(4711,5000)
INSERT INTO ACCOUNT VALUES(4712,3000)
COMMIT
/*C128*/SET AUTOCOMMIT FALSE
DELETE FROM ACCOUNT WHERE NUMBER=4712
INSERT INTO ACCOUNT VALUES(4712,13000)
ROLLBACK
SET AUTOCOMMIT TRUE
/*C129*/SET AUTOCOMMIT FALSE
SET AUTOCOMMIT TRUE
/*C128*/SET AUTOCOMMIT FALSE
SET AUTOCOMMIT TRUE
/*C133*/SET SCHEMA PUBLIC
CONNECT USER SA
SET AUTOCOMMIT FALSE
/*C126*/DISCONNECT
/*C127*/DISCONNECT
/*C130*/DISCONNECT
/*C131*/DISCONNECT
/*C129*/DISCONNECT
/*C128*/DISCONNECT
/*C132*/DISCONNECT
/*C133*/DISCONNECT
/*C134*/SET SCHEMA PUBLIC
CONNECT USER SA
SET AUTOCOMMIT FALSE
drop table ACCOUNT
create table account(\u0009 number integer,\u0009 balance integer,\u0009 primary key(number))
INSERT INTO ACCOUNT VALUES(4711,5000)
INSERT INTO ACCOUNT VALUES(4712,3000)
COMMIT
/*C135*/SET SCHEMA PUBLIC
CONNECT USER SA
/*C136*/SET SCHEMA PUBLIC
CONNECT USER SA
/*C137*/SET SCHEMA PUBLIC
CONNECT USER SA
/*C136*/SET AUTOCOMMIT FALSE
DELETE FROM ACCOUNT WHERE NUMBER=4712
INSERT INTO ACCOUNT VALUES(4712,13000)
ROLLBACK
SET AUTOCOMMIT TRUE
/*C138*/SET SCHEMA PUBLIC
CONNECT USER SA
SET AUTOCOMMIT FALSE
drop table ACCOUNT
create table account(\u0009 number integer,\u0009 balance integer,\u0009 primary key(number))
INSERT INTO ACCOUNT VALUES(4711,5000)
INSERT INTO ACCOUNT VALUES(4712,3000)
COMMIT
/*C136*/SET AUTOCOMMIT FALSE
DELETE FROM ACCOUNT WHERE NUMBER=4712
INSERT INTO ACCOUNT VALUES(4712,6000)
DELETE FROM ACCOUNT WHERE NUMBER=4711
INSERT INTO ACCOUNT VALUES(4711,2000)
COMMIT
SET AUTOCOMMIT TRUE
/*C137*/SET AUTOCOMMIT FALSE
SET AUTOCOMMIT TRUE
/*C136*/SET AUTOCOMMIT FALSE
SET AUTOCOMMIT TRUE
/*C139*/SET SCHEMA PUBLIC
CONNECT USER SA
SET AUTOCOMMIT FALSE
drop table ACCOUNT
create table account(\u0009 number integer,\u0009 balance integer,\u0009 primary key(number))
INSERT INTO ACCOUNT VALUES(4711,5000)
INSERT INTO ACCOUNT VALUES(4712,3000)
COMMIT
/*C136*/SET AUTOCOMMIT FALSE
DELETE FROM ACCOUNT WHERE NUMBER=4712
INSERT INTO ACCOUNT VALUES(4712,13000)
ROLLBACK
SET AUTOCOMMIT TRUE
/*C137*/SET AUTOCOMMIT FALSE
SET AUTOCOMMIT TRUE
/*C136*/SET AUTOCOMMIT FALSE
SET AUTOCOMMIT TRUE
/*C140*/SET SCHEMA PUBLIC
CONNECT USER SA
SET AUTOCOMMIT FALSE
drop table ACCOUNT
create table account(\u0009 number integer,\u0009 balance integer,\u0009 primary key(number))
INSERT INTO ACCOUNT VALUES(4711,5000)
INSERT INTO ACCOUNT VALUES(4712,3000)
COMMIT
/*C136*/SET AUTOCOMMIT FALSE
DELETE FROM ACCOUNT WHERE NUMBER=4711
INSERT INTO ACCOUNT VALUES(4711,4000)
COMMIT
SET AUTOCOMMIT TRUE
/*C137*/SET AUTOCOMMIT FALSE
SET AUTOCOMMIT TRUE
/*C141*/SET SCHEMA PUBLIC
CONNECT USER SA
SET AUTOCOMMIT FALSE
drop table ACCOUNT
create table account(\u0009 number integer,\u0009 balance integer,\u0009 primary key(number))
INSERT INTO ACCOUNT VALUES(4711,5000)
INSERT INTO ACCOUNT VALUES(4712,3000)
COMMIT
/*C137*/SET AUTOCOMMIT FALSE
DELETE FROM ACCOUNT WHERE NUMBER=4712
INSERT INTO ACCOUNT VALUES(4712,6000)
DELETE FROM ACCOUNT WHERE NUMBER=4711
INSERT INTO ACCOUNT VALUES(4711,2000)
COMMIT
SET AUTOCOMMIT TRUE
/*C136*/SET AUTOCOMMIT FALSE
SET AUTOCOMMIT TRUE
/*C137*/SET AUTOCOMMIT FALSE
SET AUTOCOMMIT TRUE
/*C142*/SET SCHEMA PUBLIC
CONNECT USER SA
SET AUTOCOMMIT FALSE
/*C134*/DISCONNECT
/*C135*/DISCONNECT
/*C139*/DISCONNECT
/*C140*/DISCONNECT
/*C136*/DISCONNECT
/*C142*/DISCONNECT
/*C138*/DISCONNECT
/*C137*/DISCONNECT
/*C141*/DISCONNECT
/*C143*/SET SCHEMA PUBLIC
CONNECT USER SA
SET AUTOCOMMIT FALSE
drop table ACCOUNT
create table account(\u0009 number integer,\u0009 balance integer,\u0009 primary key(number))
INSERT INTO ACCOUNT VALUES(4711,5000)
INSERT INTO ACCOUNT VALUES(4712,3000)
COMMIT
/*C144*/SET SCHEMA PUBLIC
CONNECT USER SA
/*C145*/SET SCHEMA PUBLIC
CONNECT USER SA
/*C146*/SET SCHEMA PUBLIC
CONNECT USER SA
SET AUTOCOMMIT FALSE
DELETE FROM ACCOUNT WHERE NUMBER=4712
INSERT INTO ACCOUNT VALUES(4712,13000)
ROLLBACK
SET AUTOCOMMIT TRUE
/*C145*/SET AUTOCOMMIT FALSE
SET AUTOCOMMIT TRUE
/*C146*/SET AUTOCOMMIT FALSE
SET AUTOCOMMIT TRUE
/*C147*/SET SCHEMA PUBLIC
CONNECT USER SA
SET AUTOCOMMIT FALSE
drop table ACCOUNT
create table account(\u0009 number integer,\u0009 balance integer,\u0009 primary key(number))
INSERT INTO ACCOUNT VALUES(4711,5000)
INSERT INTO ACCOUNT VALUES(4712,3000)
COMMIT
/*C146*/SET AUTOCOMMIT FALSE
DELETE FROM ACCOUNT WHERE NUMBER=4712
INSERT INTO ACCOUNT VALUES(4712,6000)
DELETE FROM ACCOUNT WHERE NUMBER=4711
INSERT INTO ACCOUNT VALUES(4711,2000)
COMMIT
SET AUTOCOMMIT TRUE
/*C145*/SET AUTOCOMMIT FALSE
SET AUTOCOMMIT TRUE
/*C146*/SET AUTOCOMMIT FALSE
SET AUTOCOMMIT TRUE
/*C148*/SET SCHEMA PUBLIC
CONNECT USER SA
SET AUTOCOMMIT FALSE
drop table ACCOUNT
create table account(\u0009 number integer,\u0009 balance integer,\u0009 primary key(number))
INSERT INTO ACCOUNT VALUES(4711,5000)
INSERT INTO ACCOUNT VALUES(4712,3000)
COMMIT
/*C146*/SET AUTOCOMMIT FALSE
DELETE FROM ACCOUNT WHERE NUMBER=4712
INSERT INTO ACCOUNT VALUES(4712,13000)
ROLLBACK
SET AUTOCOMMIT TRUE
/*C145*/SET AUTOCOMMIT FALSE
SET AUTOCOMMIT TRUE
/*C146*/SET AUTOCOMMIT FALSE
SET AUTOCOMMIT TRUE
/*C149*/SET SCHEMA PUBLIC
CONNECT USER SA
SET AUTOCOMMIT FALSE
drop table ACCOUNT
create table account(\u0009 number integer,\u0009 balance integer,\u0009 primary key(number))
INSERT INTO ACCOUNT VALUES(4711,5000)
INSERT INTO ACCOUNT VALUES(4712,3000)
COMMIT
/*C146*/SET AUTOCOMMIT FALSE
DELETE FROM ACCOUNT WHERE NUMBER=4711
INSERT INTO ACCOUNT VALUES(4711,4000)
COMMIT
SET AUTOCOMMIT TRUE
/*C145*/SET AUTOCOMMIT FALSE
SET AUTOCOMMIT TRUE
/*C150*/SET SCHEMA PUBLIC
CONNECT USER SA
SET AUTOCOMMIT FALSE
drop table ACCOUNT
create table account(\u0009 number integer,\u0009 balance integer,\u0009 primary key(number))
INSERT INTO ACCOUNT VALUES(4711,5000)
INSERT INTO ACCOUNT VALUES(4712,3000)
COMMIT
/*C145*/SET AUTOCOMMIT FALSE
DELETE FROM ACCOUNT WHERE NUMBER=4712
INSERT INTO ACCOUNT VALUES(4712,6000)
DELETE FROM ACCOUNT WHERE NUMBER=4711
INSERT INTO ACCOUNT VALUES(4711,2000)
COMMIT
SET AUTOCOMMIT TRUE
/*C146*/SET AUTOCOMMIT FALSE
SET AUTOCOMMIT TRUE
/*C145*/SET AUTOCOMMIT FALSE
SET AUTOCOMMIT TRUE
/*C151*/SET SCHEMA PUBLIC
CONNECT USER SA
SET AUTOCOMMIT FALSE
/*C145*/DISCONNECT
/*C151*/DISCONNECT
/*C147*/DISCONNECT
/*C143*/DISCONNECT
/*C150*/DISCONNECT
/*C144*/DISCONNECT
/*C146*/DISCONNECT
/*C149*/DISCONNECT
/*C148*/DISCONNECT
/*C152*/SET SCHEMA PUBLIC
CONNECT USER SA
SET AUTOCOMMIT FALSE
drop table ACCOUNT
create table account(number integer, balance integer, primary key(number))
INSERT INTO ACCOUNT VALUES(4711,5000)
INSERT INTO ACCOUNT VALUES(4712,3000)
COMMIT
/*C153*/SET SCHEMA PUBLIC
CONNECT USER SA
/*C154*/SET SCHEMA PUBLIC
CONNECT USER SA
/*C155*/SET SCHEMA PUBLIC
CONNECT USER SA
/*C153*/SET AUTOCOMMIT FALSE
DELETE FROM ACCOUNT WHERE NUMBER=4712
INSERT INTO ACCOUNT VALUES(4712,13000)
ROLLBACK
SET AUTOCOMMIT TRUE
/*C154*/SET AUTOCOMMIT FALSE
SET AUTOCOMMIT TRUE
/*C153*/SET AUTOCOMMIT FALSE
SET AUTOCOMMIT TRUE
/*C156*/SET SCHEMA PUBLIC
CONNECT USER SA
SET AUTOCOMMIT FALSE
drop table ACCOUNT
create table account(number integer, balance integer, primary key(number))
INSERT INTO ACCOUNT VALUES(4711,5000)
INSERT INTO ACCOUNT VALUES(4712,3000)
COMMIT
/*C153*/SET AUTOCOMMIT FALSE
DELETE FROM ACCOUNT WHERE NUMBER=4712
INSERT INTO ACCOUNT VALUES(4712,6000)
DELETE FROM ACCOUNT WHERE NUMBER=4711
INSERT INTO ACCOUNT VALUES(4711,2000)
COMMIT
SET AUTOCOMMIT TRUE
/*C154*/SET AUTOCOMMIT FALSE
SET AUTOCOMMIT TRUE
/*C153*/SET AUTOCOMMIT FALSE
SET AUTOCOMMIT TRUE
/*C157*/SET SCHEMA PUBLIC
CONNECT USER SA
SET AUTOCOMMIT FALSE
drop table ACCOUNT
create table account(number integer, balance integer, primary key(number))
INSERT INTO ACCOUNT VALUES(4711,5000)
INSERT INTO ACCOUNT VALUES(4712,3000)
COMMIT
/*C153*/SET AUTOCOMMIT FALSE
DELETE FROM ACCOUNT WHERE NUMBER=4712
INSERT INTO ACCOUNT VALUES(4712,13000)
ROLLBACK
SET AUTOCOMMIT TRUE
/*C154*/SET AUTOCOMMIT FALSE
SET AUTOCOMMIT TRUE
/*C153*/SET AUTOCOMMIT FALSE
SET AUTOCOMMIT TRUE
/*C158*/SET SCHEMA PUBLIC
CONNECT USER SA
SET AUTOCOMMIT FALSE
drop table ACCOUNT
create table account(number integer, balance integer, primary key(number))
INSERT INTO ACCOUNT VALUES(4711,5000)
INSERT INTO ACCOUNT VALUES(4712,3000)
COMMIT
/*C153*/SET AUTOCOMMIT FALSE
DELETE FROM ACCOUNT WHERE NUMBER=4711
INSERT INTO ACCOUNT VALUES(4711,4000)
COMMIT
SET AUTOCOMMIT TRUE
/*C154*/SET AUTOCOMMIT FALSE
SET AUTOCOMMIT TRUE
/*C159*/SET SCHEMA PUBLIC
CONNECT USER SA
SET AUTOCOMMIT FALSE
drop table ACCOUNT
create table account(number integer, balance integer, primary key(number))
INSERT INTO ACCOUNT VALUES(4711,5000)
INSERT INTO ACCOUNT VALUES(4712,3000)
COMMIT
/*C154*/SET AUTOCOMMIT FALSE
DELETE FROM ACCOUNT WHERE NUMBER=4712
INSERT INTO ACCOUNT VALUES(4712,6000)
DELETE FROM ACCOUNT WHERE NUMBER=4711
INSERT INTO ACCOUNT VALUES(4711,2000)
COMMIT
SET AUTOCOMMIT TRUE
/*C153*/SET AUTOCOMMIT FALSE
SET AUTOCOMMIT TRUE
/*C154*/SET AUTOCOMMIT FALSE
SET AUTOCOMMIT TRUE
/*C160*/SET SCHEMA PUBLIC
CONNECT USER SA
SET AUTOCOMMIT FALSE
/*C154*/DISCONNECT
/*C155*/DISCONNECT
/*C158*/DISCONNECT
/*C159*/DISCONNECT
/*C152*/DISCONNECT
/*C153*/DISCONNECT
/*C156*/DISCONNECT
/*C157*/DISCONNECT
/*C160*/DISCONNECT
/*C161*/SET SCHEMA PUBLIC
CONNECT USER SA
SET AUTOCOMMIT FALSE
drop table ACCOUNT
create table account(number integer, balance integer, primary key(number))
INSERT INTO ACCOUNT VALUES(4711,5000)
INSERT INTO ACCOUNT VALUES(4712,3000)
COMMIT
/*C162*/SET SCHEMA PUBLIC
CONNECT USER SA
/*C163*/SET SCHEMA PUBLIC
CONNECT USER SA
/*C164*/SET SCHEMA PUBLIC
CONNECT USER SA
/*C163*/SET AUTOCOMMIT FALSE
SET AUTOCOMMIT TRUE
/*C164*/SET AUTOCOMMIT FALSE
SET AUTOCOMMIT TRUE
/*C165*/SET SCHEMA PUBLIC
CONNECT USER SA
SET AUTOCOMMIT FALSE
drop table ACCOUNT
create table account(number integer, balance integer, primary key(number))
INSERT INTO ACCOUNT VALUES(4711,5000)
INSERT INTO ACCOUNT VALUES(4712,3000)
COMMIT
/*C164*/SET AUTOCOMMIT FALSE
SET AUTOCOMMIT TRUE
/*C166*/SET SCHEMA PUBLIC
CONNECT USER SA
SET AUTOCOMMIT FALSE
drop table ACCOUNT
create table account(number integer, balance integer, primary key(number))
INSERT INTO ACCOUNT VALUES(4711,5000)
INSERT INTO ACCOUNT VALUES(4712,3000)
COMMIT
/*C164*/SET AUTOCOMMIT FALSE
SET AUTOCOMMIT TRUE
/*C167*/SET SCHEMA PUBLIC
CONNECT USER SA
SET AUTOCOMMIT FALSE
drop table ACCOUNT
create table account(number integer, balance integer, primary key(number))
INSERT INTO ACCOUNT VALUES(4711,5000)
INSERT INTO ACCOUNT VALUES(4712,3000)
COMMIT
/*C164*/SET AUTOCOMMIT FALSE
SET AUTOCOMMIT TRUE
/*C168*/SET SCHEMA PUBLIC
CONNECT USER SA
SET AUTOCOMMIT FALSE
drop table ACCOUNT
create table account(number integer, balance integer, primary key(number))
INSERT INTO ACCOUNT VALUES(4711,5000)
INSERT INTO ACCOUNT VALUES(4712,3000)
COMMIT
/*C164*/SET AUTOCOMMIT FALSE
SET AUTOCOMMIT TRUE
/*C163*/SET AUTOCOMMIT FALSE
SET AUTOCOMMIT TRUE
/*C169*/SET SCHEMA PUBLIC
CONNECT USER SA
SET AUTOCOMMIT FALSE
/*C162*/DISCONNECT
/*C163*/DISCONNECT
/*C166*/DISCONNECT
/*C167*/DISCONNECT
/*C161*/DISCONNECT
/*C164*/DISCONNECT
/*C165*/DISCONNECT
/*C168*/DISCONNECT
/*C169*/DISCONNECT
/*C170*/SET SCHEMA PUBLIC
CONNECT USER SA
SET AUTOCOMMIT FALSE
drop table ACCOUNT
create table account(number integer, balance integer, primary key(number))
INSERT INTO ACCOUNT VALUES(4711,5000)
INSERT INTO ACCOUNT VALUES(4712,3000)
COMMIT
/*C171*/SET SCHEMA PUBLIC
CONNECT USER SA
/*C172*/SET SCHEMA PUBLIC
CONNECT USER SA
/*C173*/SET SCHEMA PUBLIC
CONNECT USER SA
/*C171*/SET AUTOCOMMIT FALSE
SET AUTOCOMMIT TRUE
/*C174*/SET SCHEMA PUBLIC
CONNECT USER SA
SET AUTOCOMMIT FALSE
/*C171*/DISCONNECT
/*C170*/DISCONNECT
/*C173*/DISCONNECT
/*C172*/DISCONNECT
/*C174*/DISCONNECT
/*C175*/SET SCHEMA PUBLIC
CONNECT USER SA
SET AUTOCOMMIT FALSE
drop table ACCOUNT
create table account(number integer, balance integer, primary key(number))
INSERT INTO ACCOUNT VALUES(4711,5000)
INSERT INTO ACCOUNT VALUES(4712,3000)
COMMIT
/*C176*/SET SCHEMA PUBLIC
CONNECT USER SA
/*C177*/SET SCHEMA PUBLIC
CONNECT USER SA
/*C178*/SET SCHEMA PUBLIC
CONNECT USER SA
/*C176*/SET AUTOCOMMIT FALSE
SET AUTOCOMMIT TRUE
/*C179*/SET SCHEMA PUBLIC
CONNECT USER SA
SET AUTOCOMMIT FALSE
/*C176*/DISCONNECT
/*C175*/DISCONNECT
/*C179*/DISCONNECT
/*C178*/DISCONNECT
/*C177*/DISCONNECT
/*C180*/SET SCHEMA PUBLIC
CONNECT USER SA
SET AUTOCOMMIT FALSE
drop table ACCOUNT
create table account(number integer, balance integer, primary key(number))
INSERT INTO ACCOUNT VALUES(4711,5000)
INSERT INTO ACCOUNT VALUES(4712,3000)
COMMIT
/*C181*/SET SCHEMA PUBLIC
CONNECT USER SA
/*C182*/SET SCHEMA PUBLIC
CONNECT USER SA
/*C183*/SET SCHEMA PUBLIC
CONNECT USER SA
/*C181*/SET AUTOCOMMIT FALSE
SET AUTOCOMMIT TRUE
/*C182*/SET AUTOCOMMIT FALSE
SET AUTOCOMMIT TRUE
/*C184*/SET SCHEMA PUBLIC
CONNECT USER SA
SET AUTOCOMMIT FALSE
/*C180*/DISCONNECT
/*C182*/DISCONNECT
/*C183*/DISCONNECT
/*C184*/DISCONNECT
/*C181*/DISCONNECT
/*C185*/SET SCHEMA PUBLIC
CONNECT USER SA
SET AUTOCOMMIT FALSE
drop table ACCOUNT
create table account(number integer, balance integer, primary key(number))
INSERT INTO ACCOUNT VALUES(4711,5000)
INSERT INTO ACCOUNT VALUES(4712,3000)
COMMIT
/*C186*/SET SCHEMA PUBLIC
CONNECT USER SA
/*C187*/SET SCHEMA PUBLIC
CONNECT USER SA
/*C188*/SET SCHEMA PUBLIC
CONNECT USER SA
SET AUTOCOMMIT FALSE
SET AUTOCOMMIT TRUE
/*C186*/SET AUTOCOMMIT FALSE
SET AUTOCOMMIT TRUE
/*C189*/SET SCHEMA PUBLIC
CONNECT USER SA
SET AUTOCOMMIT FALSE
/*C186*/DISCONNECT
/*C185*/DISCONNECT
/*C189*/DISCONNECT
/*C187*/DISCONNECT
/*C188*/DISCONNECT
/*C190*/SET SCHEMA PUBLIC
CONNECT USER SA
SET AUTOCOMMIT FALSE
drop table ACCOUNT
create table account(number integer, balance integer, primary key(number))
INSERT INTO ACCOUNT VALUES(4711,5000)
INSERT INTO ACCOUNT VALUES(4712,3000)
COMMIT
/*C191*/SET SCHEMA PUBLIC
CONNECT USER SA
/*C192*/SET SCHEMA PUBLIC
CONNECT USER SA
/*C193*/SET SCHEMA PUBLIC
CONNECT USER SA
SET AUTOCOMMIT FALSE
SET AUTOCOMMIT TRUE
/*C192*/SET AUTOCOMMIT FALSE
SET AUTOCOMMIT TRUE
/*C194*/SET SCHEMA PUBLIC
CONNECT USER SA
SET AUTOCOMMIT FALSE
/*C190*/DISCONNECT
/*C191*/DISCONNECT
/*C194*/DISCONNECT
/*C192*/DISCONNECT
/*C193*/DISCONNECT
/*C195*/SET SCHEMA PUBLIC
CONNECT USER SA
SET AUTOCOMMIT FALSE
drop table ACCOUNT
create table account(number integer, balance integer, primary key(number))
INSERT INTO ACCOUNT VALUES(4711,5000)
INSERT INTO ACCOUNT VALUES(4712,3000)
COMMIT
/*C196*/SET SCHEMA PUBLIC
CONNECT USER SA
/*C197*/SET SCHEMA PUBLIC
CONNECT USER SA
/*C198*/SET SCHEMA PUBLIC
CONNECT USER SA
SET AUTOCOMMIT FALSE
SET AUTOCOMMIT TRUE
/*C197*/SET AUTOCOMMIT FALSE
SET AUTOCOMMIT TRUE
/*C199*/SET SCHEMA PUBLIC
CONNECT USER SA
SET AUTOCOMMIT FALSE
/*C195*/DISCONNECT
/*C197*/DISCONNECT
/*C196*/DISCONNECT
/*C198*/DISCONNECT
/*C199*/DISCONNECT
/*C200*/SET SCHEMA PUBLIC
CONNECT USER SA
SET AUTOCOMMIT FALSE
drop table ACCOUNT
create table account(number integer, balance integer, primary key(number))
INSERT INTO ACCOUNT VALUES(4711,5000)
INSERT INTO ACCOUNT VALUES(4712,3000)
COMMIT
/*C201*/SET SCHEMA PUBLIC
CONNECT USER SA
/*C202*/SET SCHEMA PUBLIC
CONNECT USER SA
/*C203*/SET SCHEMA PUBLIC
CONNECT USER SA
SET AUTOCOMMIT FALSE
SET AUTOCOMMIT TRUE
/*C202*/SET AUTOCOMMIT FALSE
SET AUTOCOMMIT TRUE
/*C204*/SET SCHEMA PUBLIC
CONNECT USER SA
SET AUTOCOMMIT FALSE
/*C202*/DISCONNECT
/*C203*/DISCONNECT
/*C200*/DISCONNECT
/*C201*/DISCONNECT
/*C204*/DISCONNECT
/*C205*/SET SCHEMA PUBLIC
CONNECT USER SA
/*C206*/SET SCHEMA PUBLIC
CONNECT USER SA
/*C207*/SET SCHEMA PUBLIC
CONNECT USER SA
/*C206*/SET AUTOCOMMIT FALSE
SET AUTOCOMMIT TRUE
/*C207*/SET AUTOCOMMIT FALSE
SET AUTOCOMMIT TRUE
/*C205*/DISCONNECT
/*C206*/DISCONNECT
/*C207*/DISCONNECT
/*C208*/SET SCHEMA PUBLIC
CONNECT USER SA
/*C209*/SET SCHEMA PUBLIC
CONNECT USER SA
/*C210*/SET SCHEMA PUBLIC
CONNECT USER SA
/*C209*/SET AUTOCOMMIT FALSE
SET AUTOCOMMIT TRUE
/*C210*/SET AUTOCOMMIT FALSE
SET AUTOCOMMIT TRUE
SET AUTOCOMMIT FALSE
SET AUTOCOMMIT TRUE
SET AUTOCOMMIT FALSE
SET AUTOCOMMIT TRUE
/*C209*/SET AUTOCOMMIT FALSE
SET AUTOCOMMIT TRUE
DISCONNECT
/*C210*/DISCONNECT
/*C208*/DISCONNECT
/*C211*/SET SCHEMA PUBLIC
CONNECT USER SA
/*C212*/SET SCHEMA PUBLIC
CONNECT USER SA
/*C213*/SET SCHEMA PUBLIC
CONNECT USER SA
/*C211*/SET AUTOCOMMIT FALSE
SET AUTOCOMMIT TRUE
SET AUTOCOMMIT FALSE
SET AUTOCOMMIT TRUE
/*C212*/DISCONNECT
/*C211*/DISCONNECT
/*C213*/DISCONNECT
/*C214*/SET SCHEMA PUBLIC
CONNECT USER SA
/*C215*/SET SCHEMA PUBLIC
CONNECT USER SA
/*C216*/SET SCHEMA PUBLIC
CONNECT USER SA
/*C214*/SET AUTOCOMMIT FALSE
SET AUTOCOMMIT TRUE
SET AUTOCOMMIT FALSE
SET AUTOCOMMIT TRUE
/*C215*/DISCONNECT
/*C214*/DISCONNECT
/*C216*/DISCONNECT
/*C217*/SET SCHEMA PUBLIC
CONNECT USER SA
/*C218*/SET SCHEMA PUBLIC
CONNECT USER SA
/*C219*/SET SCHEMA PUBLIC
CONNECT USER SA
SET AUTOCOMMIT FALSE
SET AUTOCOMMIT TRUE
SET AUTOCOMMIT FALSE
SET AUTOCOMMIT TRUE
/*C217*/DISCONNECT
/*C218*/DISCONNECT
/*C219*/DISCONNECT
/*C220*/SET SCHEMA PUBLIC
CONNECT USER SA
/*C221*/SET SCHEMA PUBLIC
CONNECT USER SA
/*C222*/SET SCHEMA PUBLIC
CONNECT USER SA
/*C220*/SET AUTOCOMMIT FALSE
SET AUTOCOMMIT TRUE
SET AUTOCOMMIT FALSE
SET AUTOCOMMIT TRUE
SET AUTOCOMMIT FALSE
SET AUTOCOMMIT TRUE
DISCONNECT
/*C222*/DISCONNECT
/*C221*/DISCONNECT
/*C223*/SET SCHEMA PUBLIC
CONNECT USER SA
/*C224*/SET SCHEMA PUBLIC
CONNECT USER SA
/*C225*/SET SCHEMA PUBLIC
CONNECT USER SA
/*C224*/SET AUTOCOMMIT FALSE
SET AUTOCOMMIT TRUE
SET AUTOCOMMIT FALSE
SET AUTOCOMMIT TRUE
SET AUTOCOMMIT FALSE
SET AUTOCOMMIT TRUE
SET AUTOCOMMIT FALSE
SET AUTOCOMMIT TRUE
DISCONNECT
/*C223*/DISCONNECT
/*C225*/DISCONNECT
/*C226*/SET SCHEMA PUBLIC
CONNECT USER SA
/*C227*/SET SCHEMA PUBLIC
CONNECT USER SA
/*C228*/SET SCHEMA PUBLIC
CONNECT USER SA
SET AUTOCOMMIT FALSE
SET AUTOCOMMIT TRUE
SET AUTOCOMMIT FALSE
SET AUTOCOMMIT TRUE
SET AUTOCOMMIT FALSE
SET AUTOCOMMIT TRUE
SET AUTOCOMMIT FALSE
SET AUTOCOMMIT TRUE
/*C226*/DISCONNECT
/*C227*/DISCONNECT
/*C228*/DISCONNECT
/*C229*/SET SCHEMA PUBLIC
CONNECT USER SA
/*C230*/SET SCHEMA PUBLIC
CONNECT USER SA
/*C231*/SET SCHEMA PUBLIC
CONNECT USER SA
SET AUTOCOMMIT FALSE
SET AUTOCOMMIT TRUE
SET AUTOCOMMIT FALSE
SET AUTOCOMMIT TRUE
SET AUTOCOMMIT FALSE
SET AUTOCOMMIT TRUE
/*C230*/SET AUTOCOMMIT FALSE
SET AUTOCOMMIT TRUE
/*C229*/DISCONNECT
/*C230*/DISCONNECT
/*C231*/DISCONNECT
/*C232*/SET SCHEMA PUBLIC
CONNECT USER SA
/*C233*/SET SCHEMA PUBLIC
CONNECT USER SA
/*C234*/SET SCHEMA PUBLIC
CONNECT USER SA
/*C232*/SET AUTOCOMMIT FALSE
SET AUTOCOMMIT TRUE
SET AUTOCOMMIT FALSE
SET AUTOCOMMIT TRUE
SET AUTOCOMMIT FALSE
SET AUTOCOMMIT TRUE
SET AUTOCOMMIT FALSE
SET AUTOCOMMIT TRUE
SET AUTOCOMMIT FALSE
DISCONNECT
/*C233*/DISCONNECT
/*C234*/DISCONNECT
/*C235*/SET SCHEMA PUBLIC
CONNECT USER SA
/*C236*/SET SCHEMA PUBLIC
CONNECT USER SA
/*C237*/SET SCHEMA PUBLIC
CONNECT USER SA
/*C235*/SET AUTOCOMMIT FALSE
SET AUTOCOMMIT TRUE
SET AUTOCOMMIT FALSE
SET AUTOCOMMIT TRUE
SET AUTOCOMMIT FALSE
SET AUTOCOMMIT TRUE
SET AUTOCOMMIT FALSE
SET AUTOCOMMIT TRUE
SET AUTOCOMMIT FALSE
/*C237*/DISCONNECT
/*C236*/DISCONNECT
/*C235*/DISCONNECT
/*C238*/SET SCHEMA PUBLIC
CONNECT USER SA
/*C239*/SET SCHEMA PUBLIC
CONNECT USER SA
/*C240*/SET SCHEMA PUBLIC
CONNECT USER SA
SET AUTOCOMMIT FALSE
SET AUTOCOMMIT TRUE
SET AUTOCOMMIT FALSE
SET AUTOCOMMIT TRUE
SET AUTOCOMMIT FALSE
SET AUTOCOMMIT TRUE
/*C238*/DISCONNECT
/*C239*/DISCONNECT
/*C240*/DISCONNECT
/*C241*/SET SCHEMA PUBLIC
CONNECT USER SA
SET AUTOCOMMIT FALSE
drop table ACCOUNT
create table account(number integer, balance integer, primary key(number))
INSERT INTO ACCOUNT VALUES(4711,5000)
INSERT INTO ACCOUNT VALUES(4712,3000)
COMMIT
/*C242*/SET SCHEMA PUBLIC
CONNECT USER SA
/*C243*/SET SCHEMA PUBLIC
CONNECT USER SA
/*C244*/SET SCHEMA PUBLIC
CONNECT USER SA
/*C243*/SET AUTOCOMMIT FALSE
DELETE FROM ACCOUNT WHERE NUMBER=4712
INSERT INTO ACCOUNT VALUES(4712,13000)
ROLLBACK
SET AUTOCOMMIT TRUE
/*C244*/SET AUTOCOMMIT FALSE
SET AUTOCOMMIT TRUE
/*C243*/SET AUTOCOMMIT FALSE
SET AUTOCOMMIT TRUE
/*C245*/SET SCHEMA PUBLIC
CONNECT USER SA
SET AUTOCOMMIT FALSE
drop table ACCOUNT
create table account(number integer, balance integer, primary key(number))
INSERT INTO ACCOUNT VALUES(4711,5000)
INSERT INTO ACCOUNT VALUES(4712,3000)
COMMIT
/*C243*/SET AUTOCOMMIT FALSE
DELETE FROM ACCOUNT WHERE NUMBER=4711
INSERT INTO ACCOUNT VALUES(4711,4000)
COMMIT
SET AUTOCOMMIT TRUE
/*C244*/SET AUTOCOMMIT FALSE
SET AUTOCOMMIT TRUE
/*C246*/SET SCHEMA PUBLIC
CONNECT USER SA
SET AUTOCOMMIT FALSE
drop table ACCOUNT
create table account(number integer, balance integer, primary key(number))
INSERT INTO ACCOUNT VALUES(4711,5000)
INSERT INTO ACCOUNT VALUES(4712,3000)
COMMIT
/*C244*/SET AUTOCOMMIT FALSE
DELETE FROM ACCOUNT WHERE NUMBER=4712
INSERT INTO ACCOUNT VALUES(4712,6000)
DELETE FROM ACCOUNT WHERE NUMBER=4711
INSERT INTO ACCOUNT VALUES(4711,2000)
COMMIT
SET AUTOCOMMIT TRUE
/*C243*/SET AUTOCOMMIT FALSE
SET AUTOCOMMIT TRUE
/*C244*/SET AUTOCOMMIT FALSE
SET AUTOCOMMIT TRUE
/*C247*/SET SCHEMA PUBLIC
CONNECT USER SA
SET AUTOCOMMIT FALSE
drop table ACCOUNT
create table account(number integer, balance integer, primary key(number))
INSERT INTO ACCOUNT VALUES(4711,5000)
INSERT INTO ACCOUNT VALUES(4712,3000)
COMMIT
/*C244*/SET AUTOCOMMIT FALSE
DELETE FROM ACCOUNT WHERE NUMBER=4712
INSERT INTO ACCOUNT VALUES(4712,6000)
DELETE FROM ACCOUNT WHERE NUMBER=4711
INSERT INTO ACCOUNT VALUES(4711,2000)
COMMIT
SET AUTOCOMMIT TRUE
/*C243*/SET AUTOCOMMIT FALSE
SET AUTOCOMMIT TRUE
/*C244*/SET AUTOCOMMIT FALSE
SET AUTOCOMMIT TRUE
/*C248*/SET SCHEMA PUBLIC
CONNECT USER SA
SET AUTOCOMMIT FALSE
drop table ACCOUNT
create table account(number integer, balance integer, primary key(number))
INSERT INTO ACCOUNT VALUES(4711,5000)
INSERT INTO ACCOUNT VALUES(4712,3000)
COMMIT
/*C244*/SET AUTOCOMMIT FALSE
DELETE FROM ACCOUNT WHERE NUMBER=4712
INSERT INTO ACCOUNT VALUES(4712,13000)
ROLLBACK
SET AUTOCOMMIT TRUE
/*C243*/SET AUTOCOMMIT FALSE
SET AUTOCOMMIT TRUE
/*C244*/SET AUTOCOMMIT FALSE
SET AUTOCOMMIT TRUE
/*C249*/SET SCHEMA PUBLIC
CONNECT USER SA
SET AUTOCOMMIT FALSE
/*C242*/DISCONNECT
/*C247*/DISCONNECT
/*C246*/DISCONNECT
/*C243*/DISCONNECT
/*C241*/DISCONNECT
/*C244*/DISCONNECT
/*C245*/DISCONNECT
/*C248*/DISCONNECT
/*C249*/DISCONNECT
/*C250*/SET SCHEMA PUBLIC
CONNECT USER SA
/*C251*/SET SCHEMA PUBLIC
CONNECT USER SA
/*C252*/SET SCHEMA PUBLIC
CONNECT USER SA
/*C250*/SET AUTOCOMMIT FALSE
SET AUTOCOMMIT TRUE
SET AUTOCOMMIT FALSE
SET AUTOCOMMIT TRUE
SET AUTOCOMMIT FALSE
SET AUTOCOMMIT TRUE
DISCONNECT
/*C252*/DISCONNECT
/*C251*/DISCONNECT
/*C253*/SET SCHEMA PUBLIC
CONNECT USER SA
/*C254*/SET SCHEMA PUBLIC
CONNECT USER SA
/*C255*/SET SCHEMA PUBLIC
CONNECT USER SA
/*C253*/SET AUTOCOMMIT FALSE
SET AUTOCOMMIT TRUE
SET AUTOCOMMIT FALSE
SET AUTOCOMMIT TRUE
SET AUTOCOMMIT FALSE
SET AUTOCOMMIT TRUE
DISCONNECT
/*C255*/DISCONNECT
/*C254*/DISCONNECT
/*C256*/SET SCHEMA PUBLIC
CONNECT USER SA
SET AUTOCOMMIT FALSE
drop table ACCOUNT
create table account(number integer, balance integer, primary key(number))
INSERT INTO ACCOUNT VALUES(4711,5000)
INSERT INTO ACCOUNT VALUES(4712,3000)
COMMIT
/*C257*/SET SCHEMA PUBLIC
CONNECT USER SA
/*C258*/SET SCHEMA PUBLIC
CONNECT USER SA
/*C259*/SET SCHEMA PUBLIC
CONNECT USER SA
/*C257*/SET AUTOCOMMIT FALSE
DELETE FROM ACCOUNT WHERE NUMBER=4712
INSERT INTO ACCOUNT VALUES(4712,13000)
ROLLBACK
SET AUTOCOMMIT TRUE
/*C258*/SET AUTOCOMMIT FALSE
SET AUTOCOMMIT TRUE
/*C257*/SET AUTOCOMMIT FALSE
SET AUTOCOMMIT TRUE
/*C260*/SET SCHEMA PUBLIC
CONNECT USER SA
SET AUTOCOMMIT FALSE
drop table ACCOUNT
create table account(number integer, balance integer, primary key(number))
INSERT INTO ACCOUNT VALUES(4711,5000)
INSERT INTO ACCOUNT VALUES(4712,3000)
COMMIT
/*C257*/SET AUTOCOMMIT FALSE
DELETE FROM ACCOUNT WHERE NUMBER=4711
INSERT INTO ACCOUNT VALUES(4711,4000)
COMMIT
SET AUTOCOMMIT TRUE
/*C258*/SET AUTOCOMMIT FALSE
SET AUTOCOMMIT TRUE
/*C261*/SET SCHEMA PUBLIC
CONNECT USER SA
SET AUTOCOMMIT FALSE
drop table ACCOUNT
create table account(number integer, balance integer, primary key(number))
INSERT INTO ACCOUNT VALUES(4711,5000)
INSERT INTO ACCOUNT VALUES(4712,3000)
COMMIT
/*C258*/SET AUTOCOMMIT FALSE
DELETE FROM ACCOUNT WHERE NUMBER=4712
INSERT INTO ACCOUNT VALUES(4712,6000)
DELETE FROM ACCOUNT WHERE NUMBER=4711
INSERT INTO ACCOUNT VALUES(4711,2000)
COMMIT
SET AUTOCOMMIT TRUE
/*C257*/SET AUTOCOMMIT FALSE
SET AUTOCOMMIT TRUE
/*C258*/SET AUTOCOMMIT FALSE
SET AUTOCOMMIT TRUE
/*C262*/SET SCHEMA PUBLIC
CONNECT USER SA
SET AUTOCOMMIT FALSE
drop table ACCOUNT
create table account(number integer, balance integer, primary key(number))
INSERT INTO ACCOUNT VALUES(4711,5000)
INSERT INTO ACCOUNT VALUES(4712,3000)
COMMIT
/*C258*/SET AUTOCOMMIT FALSE
DELETE FROM ACCOUNT WHERE NUMBER=4712
INSERT INTO ACCOUNT VALUES(4712,6000)
DELETE FROM ACCOUNT WHERE NUMBER=4711
INSERT INTO ACCOUNT VALUES(4711,2000)
COMMIT
SET AUTOCOMMIT TRUE
/*C257*/SET AUTOCOMMIT FALSE
SET AUTOCOMMIT TRUE
/*C258*/SET AUTOCOMMIT FALSE
SET AUTOCOMMIT TRUE
/*C263*/SET SCHEMA PUBLIC
CONNECT USER SA
SET AUTOCOMMIT FALSE
drop table ACCOUNT
create table account(number integer, balance integer, primary key(number))
INSERT INTO ACCOUNT VALUES(4711,5000)
INSERT INTO ACCOUNT VALUES(4712,3000)
COMMIT
/*C258*/SET AUTOCOMMIT FALSE
DELETE FROM ACCOUNT WHERE NUMBER=4712
INSERT INTO ACCOUNT VALUES(4712,13000)
ROLLBACK
SET AUTOCOMMIT TRUE
/*C257*/SET AUTOCOMMIT FALSE
SET AUTOCOMMIT TRUE
/*C258*/SET AUTOCOMMIT FALSE
SET AUTOCOMMIT TRUE
/*C264*/SET SCHEMA PUBLIC
CONNECT USER SA
SET AUTOCOMMIT FALSE
/*C263*/DISCONNECT
/*C257*/DISCONNECT
/*C264*/DISCONNECT
/*C262*/DISCONNECT
/*C260*/DISCONNECT
/*C258*/DISCONNECT
/*C256*/DISCONNECT
/*C261*/DISCONNECT
/*C259*/DISCONNECT
/*C265*/SET SCHEMA PUBLIC
CONNECT USER SA
SET AUTOCOMMIT FALSE
drop table ACCOUNT
create table account(number integer, balance integer, primary key(number))
INSERT INTO ACCOUNT VALUES(4711,5000)
INSERT INTO ACCOUNT VALUES(4712,3000)
COMMIT
/*C266*/SET SCHEMA PUBLIC
CONNECT USER SA
/*C267*/SET SCHEMA PUBLIC
CONNECT USER SA
/*C268*/SET SCHEMA PUBLIC
CONNECT USER SA
/*C267*/SET AUTOCOMMIT FALSE
DELETE FROM ACCOUNT WHERE NUMBER=4712
INSERT INTO ACCOUNT VALUES(4712,13000)
ROLLBACK
SET AUTOCOMMIT TRUE
/*C266*/SET AUTOCOMMIT FALSE
SET AUTOCOMMIT TRUE
/*C267*/SET AUTOCOMMIT FALSE
SET AUTOCOMMIT TRUE
/*C269*/SET SCHEMA PUBLIC
CONNECT USER SA
SET AUTOCOMMIT FALSE
drop table ACCOUNT
create table account(number integer, balance integer, primary key(number))
INSERT INTO ACCOUNT VALUES(4711,5000)
INSERT INTO ACCOUNT VALUES(4712,3000)
COMMIT
/*C267*/SET AUTOCOMMIT FALSE
DELETE FROM ACCOUNT WHERE NUMBER=4712
INSERT INTO ACCOUNT VALUES(4712,6000)
DELETE FROM ACCOUNT WHERE NUMBER=4711
INSERT INTO ACCOUNT VALUES(4711,2000)
COMMIT
SET AUTOCOMMIT TRUE
/*C266*/SET AUTOCOMMIT FALSE
SET AUTOCOMMIT TRUE
/*C267*/SET AUTOCOMMIT FALSE
SET AUTOCOMMIT TRUE
/*C270*/SET SCHEMA PUBLIC
CONNECT USER SA
SET AUTOCOMMIT FALSE
drop table ACCOUNT
create table account(number integer, balance integer, primary key(number))
INSERT INTO ACCOUNT VALUES(4711,5000)
INSERT INTO ACCOUNT VALUES(4712,3000)
COMMIT
/*C267*/SET AUTOCOMMIT FALSE
DELETE FROM ACCOUNT WHERE NUMBER=4712
INSERT INTO ACCOUNT VALUES(4712,13000)
ROLLBACK
SET AUTOCOMMIT TRUE
/*C266*/SET AUTOCOMMIT FALSE
SET AUTOCOMMIT TRUE
/*C267*/SET AUTOCOMMIT FALSE
SET AUTOCOMMIT TRUE
/*C271*/SET SCHEMA PUBLIC
CONNECT USER SA
SET AUTOCOMMIT FALSE
drop table ACCOUNT
create table account(number integer, balance integer, primary key(number))
INSERT INTO ACCOUNT VALUES(4711,5000)
INSERT INTO ACCOUNT VALUES(4712,3000)
COMMIT
/*C267*/SET AUTOCOMMIT FALSE
DELETE FROM ACCOUNT WHERE NUMBER=4711
INSERT INTO ACCOUNT VALUES(4711,4000)
COMMIT
SET AUTOCOMMIT TRUE
/*C266*/SET AUTOCOMMIT FALSE
SET AUTOCOMMIT TRUE
/*C272*/SET SCHEMA PUBLIC
CONNECT USER SA
SET AUTOCOMMIT FALSE
drop table ACCOUNT
create table account(number integer, balance integer, primary key(number))
INSERT INTO ACCOUNT VALUES(4711,5000)
INSERT INTO ACCOUNT VALUES(4712,3000)
COMMIT
/*C266*/SET AUTOCOMMIT FALSE
DELETE FROM ACCOUNT WHERE NUMBER=4712
INSERT INTO ACCOUNT VALUES(4712,6000)
DELETE FROM ACCOUNT WHERE NUMBER=4711
INSERT INTO ACCOUNT VALUES(4711,2000)
COMMIT
SET AUTOCOMMIT TRUE
/*C267*/SET AUTOCOMMIT FALSE
SET AUTOCOMMIT TRUE
/*C266*/SET AUTOCOMMIT FALSE
SET AUTOCOMMIT TRUE
/*C273*/SET SCHEMA PUBLIC
CONNECT USER SA
SET AUTOCOMMIT FALSE
/*C266*/DISCONNECT
/*C270*/DISCONNECT
/*C267*/DISCONNECT
/*C271*/DISCONNECT
/*C265*/DISCONNECT
/*C268*/DISCONNECT
/*C269*/DISCONNECT
/*C272*/DISCONNECT
/*C273*/DISCONNECT
/*C274*/SET SCHEMA PUBLIC
CONNECT USER SA
SET AUTOCOMMIT FALSE
drop table ACCOUNT
create table account(number integer, balance integer, primary key(number))
INSERT INTO ACCOUNT VALUES(4711,5000)
INSERT INTO ACCOUNT VALUES(4712,3000)
COMMIT
/*C275*/SET SCHEMA PUBLIC
CONNECT USER SA
/*C276*/SET SCHEMA PUBLIC
CONNECT USER SA
/*C277*/SET SCHEMA PUBLIC
CONNECT USER SA
/*C275*/SET AUTOCOMMIT FALSE
DELETE FROM ACCOUNT WHERE NUMBER=4712
INSERT INTO ACCOUNT VALUES(4712,13000)
ROLLBACK
SET AUTOCOMMIT TRUE
/*C276*/SET AUTOCOMMIT FALSE
SET AUTOCOMMIT TRUE
/*C275*/SET AUTOCOMMIT FALSE
SET AUTOCOMMIT TRUE
/*C278*/SET SCHEMA PUBLIC
CONNECT USER SA
SET AUTOCOMMIT FALSE
drop table ACCOUNT
create table account(number integer, balance integer, primary key(number))
INSERT INTO ACCOUNT VALUES(4711,5000)
INSERT INTO ACCOUNT VALUES(4712,3000)
COMMIT
/*C275*/SET AUTOCOMMIT FALSE
DELETE FROM ACCOUNT WHERE NUMBER=4711
INSERT INTO ACCOUNT VALUES(4711,4000)
COMMIT
SET AUTOCOMMIT TRUE
/*C276*/SET AUTOCOMMIT FALSE
SET AUTOCOMMIT TRUE
/*C279*/SET SCHEMA PUBLIC
CONNECT USER SA
SET AUTOCOMMIT FALSE
drop table ACCOUNT
create table account(number integer, balance integer, primary key(number))
INSERT INTO ACCOUNT VALUES(4711,5000)
INSERT INTO ACCOUNT VALUES(4712,3000)
COMMIT
/*C276*/SET AUTOCOMMIT FALSE
DELETE FROM ACCOUNT WHERE NUMBER=4712
INSERT INTO ACCOUNT VALUES(4712,6000)
DELETE FROM ACCOUNT WHERE NUMBER=4711
INSERT INTO ACCOUNT VALUES(4711,2000)
COMMIT
SET AUTOCOMMIT TRUE
/*C275*/SET AUTOCOMMIT FALSE
SET AUTOCOMMIT TRUE
/*C276*/SET AUTOCOMMIT FALSE
SET AUTOCOMMIT TRUE
/*C280*/SET SCHEMA PUBLIC
CONNECT USER SA
SET AUTOCOMMIT FALSE
drop table ACCOUNT
create table account(number integer, balance integer, primary key(number))
INSERT INTO ACCOUNT VALUES(4711,5000)
INSERT INTO ACCOUNT VALUES(4712,3000)
COMMIT
/*C276*/SET AUTOCOMMIT FALSE
DELETE FROM ACCOUNT WHERE NUMBER=4712
INSERT INTO ACCOUNT VALUES(4712,6000)
DELETE FROM ACCOUNT WHERE NUMBER=4711
INSERT INTO ACCOUNT VALUES(4711,2000)
COMMIT
SET AUTOCOMMIT TRUE
/*C275*/SET AUTOCOMMIT FALSE
SET AUTOCOMMIT TRUE
/*C276*/SET AUTOCOMMIT FALSE
SET AUTOCOMMIT TRUE
/*C281*/SET SCHEMA PUBLIC
CONNECT USER SA
SET AUTOCOMMIT FALSE
drop table ACCOUNT
create table account(number integer, balance integer, primary key(number))
INSERT INTO ACCOUNT VALUES(4711,5000)
INSERT INTO ACCOUNT VALUES(4712,3000)
COMMIT
/*C276*/SET AUTOCOMMIT FALSE
DELETE FROM ACCOUNT WHERE NUMBER=4712
INSERT INTO ACCOUNT VALUES(4712,13000)
ROLLBACK
SET AUTOCOMMIT TRUE
/*C275*/SET AUTOCOMMIT FALSE
SET AUTOCOMMIT TRUE
/*C276*/SET AUTOCOMMIT FALSE
SET AUTOCOMMIT TRUE
/*C282*/SET SCHEMA PUBLIC
CONNECT USER SA
SET AUTOCOMMIT FALSE
/*C274*/DISCONNECT
/*C276*/DISCONNECT
/*C282*/DISCONNECT
/*C279*/DISCONNECT
/*C280*/DISCONNECT
/*C281*/DISCONNECT
/*C277*/DISCONNECT
/*C278*/DISCONNECT
/*C275*/DISCONNECT
/*C283*/SET SCHEMA PUBLIC
CONNECT USER SA
SET AUTOCOMMIT FALSE
drop table ACCOUNT
create table account(number integer, balance integer, primary key(number))
INSERT INTO ACCOUNT VALUES(4711,5000)
INSERT INTO ACCOUNT VALUES(4712,3000)
COMMIT
/*C284*/SET SCHEMA PUBLIC
CONNECT USER SA
/*C285*/SET SCHEMA PUBLIC
CONNECT USER SA
/*C286*/SET SCHEMA PUBLIC
CONNECT USER SA
SET AUTOCOMMIT FALSE
DELETE FROM ACCOUNT WHERE NUMBER=4712
INSERT INTO ACCOUNT VALUES(4712,13000)
ROLLBACK
SET AUTOCOMMIT TRUE
/*C285*/SET AUTOCOMMIT FALSE
SET AUTOCOMMIT TRUE
/*C286*/SET AUTOCOMMIT FALSE
SET AUTOCOMMIT TRUE
/*C287*/SET SCHEMA PUBLIC
CONNECT USER SA
SET AUTOCOMMIT FALSE
drop table ACCOUNT
create table account(number integer, balance integer, primary key(number))
INSERT INTO ACCOUNT VALUES(4711,5000)
INSERT INTO ACCOUNT VALUES(4712,3000)
COMMIT
/*C286*/SET AUTOCOMMIT FALSE
DELETE FROM ACCOUNT WHERE NUMBER=4712
INSERT INTO ACCOUNT VALUES(4712,6000)
DELETE FROM ACCOUNT WHERE NUMBER=4711
INSERT INTO ACCOUNT VALUES(4711,2000)
COMMIT
SET AUTOCOMMIT TRUE
/*C285*/SET AUTOCOMMIT FALSE
SET AUTOCOMMIT TRUE
/*C286*/SET AUTOCOMMIT FALSE
SET AUTOCOMMIT TRUE
/*C288*/SET SCHEMA PUBLIC
CONNECT USER SA
SET AUTOCOMMIT FALSE
drop table ACCOUNT
create table account(number integer, balance integer, primary key(number))
INSERT INTO ACCOUNT VALUES(4711,5000)
INSERT INTO ACCOUNT VALUES(4712,3000)
COMMIT
/*C286*/SET AUTOCOMMIT FALSE
DELETE FROM ACCOUNT WHERE NUMBER=4712
INSERT INTO ACCOUNT VALUES(4712,13000)
ROLLBACK
SET AUTOCOMMIT TRUE
/*C285*/SET AUTOCOMMIT FALSE
SET AUTOCOMMIT TRUE
/*C286*/SET AUTOCOMMIT FALSE
SET AUTOCOMMIT TRUE
/*C289*/SET SCHEMA PUBLIC
CONNECT USER SA
SET AUTOCOMMIT FALSE
drop table ACCOUNT
create table account(number integer, balance integer, primary key(number))
INSERT INTO ACCOUNT VALUES(4711,5000)
INSERT INTO ACCOUNT VALUES(4712,3000)
COMMIT
/*C286*/SET AUTOCOMMIT FALSE
DELETE FROM ACCOUNT WHERE NUMBER=4711
INSERT INTO ACCOUNT VALUES(4711,4000)
COMMIT
SET AUTOCOMMIT TRUE
/*C285*/SET AUTOCOMMIT FALSE
SET AUTOCOMMIT TRUE
/*C290*/SET SCHEMA PUBLIC
CONNECT USER SA
SET AUTOCOMMIT FALSE
drop table ACCOUNT
create table account(number integer, balance integer, primary key(number))
INSERT INTO ACCOUNT VALUES(4711,5000)
INSERT INTO ACCOUNT VALUES(4712,3000)
COMMIT
/*C285*/SET AUTOCOMMIT FALSE
DELETE FROM ACCOUNT WHERE NUMBER=4712
INSERT INTO ACCOUNT VALUES(4712,6000)
DELETE FROM ACCOUNT WHERE NUMBER=4711
INSERT INTO ACCOUNT VALUES(4711,2000)
COMMIT
SET AUTOCOMMIT TRUE
/*C286*/SET AUTOCOMMIT FALSE
SET AUTOCOMMIT TRUE
/*C285*/SET AUTOCOMMIT FALSE
SET AUTOCOMMIT TRUE
/*C291*/SET SCHEMA PUBLIC
CONNECT USER SA
SET AUTOCOMMIT FALSE
/*C285*/DISCONNECT
/*C283*/DISCONNECT
/*C291*/DISCONNECT
/*C289*/DISCONNECT
/*C288*/DISCONNECT
/*C290*/DISCONNECT
/*C284*/DISCONNECT
/*C286*/DISCONNECT
/*C287*/DISCONNECT
